<?xml version="1.0" encoding="UTF-8"?>
<!-- Generated by org.testng.reporters.JUnitReportReporter -->
<testsuite skipped="0" hostname="vijaya-tester" name="com.nrdemo.Testcases.VerifyNrdemoLogin" tests="1" failures="0" timestamp="2020-10-12T16:50:23 IST" time="2.570" errors="1">
  <testcase name="verifyValidLogin" time="2.570" classname="com.nrdemo.Testcases.VerifyNrdemoLogin">
    <error type="org.openqa.selenium.SessionNotCreatedException" message="session not created: This version of ChromeDriver only supports Chrome version 84
Build info: version: &#039;3.141.59&#039;, revision: &#039;e82be7d358&#039;, time: &#039;2018-11-14T08:25:48&#039;
System info: host: &#039;VIJAYA-TESTER&#039;, ip: &#039;192.168.1.100&#039;, os.name: &#039;Windows 10&#039;, os.arch: &#039;amd64&#039;, os.version: &#039;10.0&#039;, java.version: &#039;1.8.0_211&#039;
Driver info: driver.version: ChromeDriver
remote stacktrace: Backtrace:
	Ordinal0 [0x005787E3+2852835]
	Ordinal0 [0x00465BB1+1727409]
	Ordinal0 [0x0033E4B9+517305]
	Ordinal0 [0x002D0BA0+68512]
	Ordinal0 [0x002CD3A0+54176]
	Ordinal0 [0x002ED9F7+186871]
	Ordinal0 [0x002ED7FD+186365]
	Ordinal0 [0x002EB70B+177931]
	Ordinal0 [0x002D2584+75140]
	Ordinal0 [0x002D3650+79440]
	Ordinal0 [0x002D35E9+79337]
	Ordinal0 [0x0047AD5C+1813852]
	GetHandleVerifier [0x0069C616+1075574]
	GetHandleVerifier [0x0069C367+1074887]
	GetHandleVerifier [0x006A7497+1120247]
	GetHandleVerifier [0x0069CC16+1077110]
	Ordinal0 [0x00473206+1782278]
	Ordinal0 [0x0047C3BB+1819579]
	Ordinal0 [0x0047C523+1819939]
	Ordinal0 [0x00492B45+1911621]
	BaseThreadInitThunk [0x75506359+25]
	RtlGetAppContainerNamedObjectPath [0x77067C24+228]
	RtlGetAppContainerNamedObjectPath [0x77067BF4+180]
">
      <![CDATA[org.openqa.selenium.SessionNotCreatedException: session not created: This version of ChromeDriver only supports Chrome version 84
Build info: version: '3.141.59', revision: 'e82be7d358', time: '2018-11-14T08:25:48'
System info: host: 'VIJAYA-TESTER', ip: '192.168.1.100', os.name: 'Windows 10', os.arch: 'amd64', os.version: '10.0', java.version: '1.8.0_211'
Driver info: driver.version: ChromeDriver
remote stacktrace: Backtrace:
Ordinal0 [0x005787E3+2852835]
Ordinal0 [0x00465BB1+1727409]
Ordinal0 [0x0033E4B9+517305]
Ordinal0 [0x002D0BA0+68512]
Ordinal0 [0x002CD3A0+54176]
Ordinal0 [0x002ED9F7+186871]
Ordinal0 [0x002ED7FD+186365]
Ordinal0 [0x002EB70B+177931]
Ordinal0 [0x002D2584+75140]
Ordinal0 [0x002D3650+79440]
Ordinal0 [0x002D35E9+79337]
Ordinal0 [0x0047AD5C+1813852]
GetHandleVerifier [0x0069C616+1075574]
GetHandleVerifier [0x0069C367+1074887]
GetHandleVerifier [0x006A7497+1120247]
GetHandleVerifier [0x0069CC16+1077110]
Ordinal0 [0x00473206+1782278]
Ordinal0 [0x0047C3BB+1819579]
Ordinal0 [0x0047C523+1819939]
Ordinal0 [0x00492B45+1911621]
BaseThreadInitThunk [0x75506359+25]
RtlGetAppContainerNamedObjectPath [0x77067C24+228]
RtlGetAppContainerNamedObjectPath [0x77067BF4+180]

at sun.reflect.NativeConstructorAccessorImpl.newInstance0(Native Method)
at sun.reflect.NativeConstructorAccessorImpl.newInstance(NativeConstructorAccessorImpl.java:62)
at sun.reflect.DelegatingConstructorAccessorImpl.newInstance(DelegatingConstructorAccessorImpl.java:45)
at java.lang.reflect.Constructor.newInstance(Constructor.java:423)
at org.openqa.selenium.remote.W3CHandshakeResponse.lambda$errorHandler$0(W3CHandshakeResponse.java:62)
at org.openqa.selenium.remote.HandshakeResponse.lambda$getResponseFunction$0(HandshakeResponse.java:30)
at org.openqa.selenium.remote.ProtocolHandshake.lambda$createSession$0(ProtocolHandshake.java:126)
at java.util.stream.ReferencePipeline$3$1.accept(ReferencePipeline.java:193)
at java.util.Spliterators$ArraySpliterator.tryAdvance(Spliterators.java:958)
at java.util.stream.ReferencePipeline.forEachWithCancel(ReferencePipeline.java:126)
at java.util.stream.AbstractPipeline.copyIntoWithCancel(AbstractPipeline.java:498)
at java.util.stream.AbstractPipeline.copyInto(AbstractPipeline.java:485)
at java.util.stream.AbstractPipeline.wrapAndCopyInto(AbstractPipeline.java:471)
at java.util.stream.FindOps$FindOp.evaluateSequential(FindOps.java:152)
at java.util.stream.AbstractPipeline.evaluate(AbstractPipeline.java:234)
at java.util.stream.ReferencePipeline.findFirst(ReferencePipeline.java:464)
at org.openqa.selenium.remote.ProtocolHandshake.createSession(ProtocolHandshake.java:128)
at org.openqa.selenium.remote.ProtocolHandshake.createSession(ProtocolHandshake.java:74)
at org.openqa.selenium.remote.HttpCommandExecutor.execute(HttpCommandExecutor.java:136)
at org.openqa.selenium.remote.service.DriverCommandExecutor.execute(DriverCommandExecutor.java:83)
at org.openqa.selenium.remote.RemoteWebDriver.execute(RemoteWebDriver.java:552)
at org.openqa.selenium.remote.RemoteWebDriver.startSession(RemoteWebDriver.java:213)
at org.openqa.selenium.remote.RemoteWebDriver.<init>(RemoteWebDriver.java:131)
at org.openqa.selenium.chrome.ChromeDriver.<init>(ChromeDriver.java:181)
at org.openqa.selenium.chrome.ChromeDriver.<init>(ChromeDriver.java:168)
at org.openqa.selenium.chrome.ChromeDriver.<init>(ChromeDriver.java:123)
at com.nrdemo.Testcases.VerifyNrdemoLogin.verifyValidLogin(VerifyNrdemoLogin.java:25)
at sun.reflect.NativeMethodAccessorImpl.invoke0(Native Method)
at sun.reflect.NativeMethodAccessorImpl.invoke(NativeMethodAccessorImpl.java:62)
at sun.reflect.DelegatingMethodAccessorImpl.invoke(DelegatingMethodAccessorImpl.java:43)
at java.lang.reflect.Method.invoke(Method.java:498)
at org.testng.internal.MethodInvocationHelper.invokeMethod(MethodInvocationHelper.java:133)
at org.testng.internal.TestInvoker.invokeMethod(TestInvoker.java:584)
at org.testng.internal.TestInvoker.invokeTestMethod(TestInvoker.java:172)
at org.testng.internal.MethodRunner.runInSequence(MethodRunner.java:46)
at org.testng.internal.TestInvoker$MethodInvocationAgent.invoke(TestInvoker.java:804)
at org.testng.internal.TestInvoker.invokeTestMethods(TestInvoker.java:145)
at org.testng.internal.TestMethodWorker.invokeTestMethods(TestMethodWorker.java:146)
at org.testng.internal.TestMethodWorker.run(TestMethodWorker.java:128)
at java.util.ArrayList.forEach(ArrayList.java:1257)
at org.testng.TestRunner.privateRun(TestRunner.java:770)
at org.testng.TestRunner.run(TestRunner.java:591)
at org.testng.SuiteRunner.runTest(SuiteRunner.java:402)
at org.testng.SuiteRunner.runSequentially(SuiteRunner.java:396)
at org.testng.SuiteRunner.privateRun(SuiteRunner.java:355)
at org.testng.SuiteRunner.run(SuiteRunner.java:304)
at org.testng.SuiteRunnerWorker.runSuite(SuiteRunnerWorker.java:53)
at org.testng.SuiteRunnerWorker.run(SuiteRunnerWorker.java:96)
at org.testng.TestNG.runSuitesSequentially(TestNG.java:1180)
at org.testng.TestNG.runSuitesLocally(TestNG.java:1102)
at org.testng.TestNG.runSuites(TestNG.java:1032)
at org.testng.TestNG.run(TestNG.java:1000)
at org.testng.remote.AbstractRemoteTestNG.run(AbstractRemoteTestNG.java:115)
at org.testng.remote.RemoteTestNG.initAndRun(RemoteTestNG.java:251)
at org.testng.remote.RemoteTestNG.main(RemoteTestNG.java:77)
]]>
    </error>
  </testcase> <!-- verifyValidLogin -->
</testsuite> <!-- com.nrdemo.Testcases.VerifyNrdemoLogin -->
